<?xml version="1.0" encoding="UTF-8"?>
<testng-results skipped="0" failed="1" ignored="0" total="1" passed="0">
  <reporter-output>
  </reporter-output>
  <suite name="Default suite" duration-ms="78239" started-at="2020-01-28T14:24:39Z" finished-at="2020-01-28T14:25:57Z">
    <groups>
    </groups>
    <test name="Default test" duration-ms="78239" started-at="2020-01-28T14:24:39Z" finished-at="2020-01-28T14:25:57Z">
      <class name="com.test.testcases.MamacitaCartTest">
        <test-method status="PASS" signature="Setup()[pri:0, instance:com.test.testcases.MamacitaCartTest@3108bc]" name="Setup" is-config="true" duration-ms="14640" started-at="2020-01-28T19:54:24Z" finished-at="2020-01-28T19:54:39Z">
          <reporter-output>
          </reporter-output>
        </test-method> <!-- Setup -->
        <test-method status="PASS" signature="setApplicationLoginPage()[pri:0, instance:com.test.testcases.MamacitaCartTest@3108bc]" name="setApplicationLoginPage" is-config="true" duration-ms="5957" started-at="2020-01-28T19:54:39Z" finished-at="2020-01-28T19:54:45Z">
          <reporter-output>
          </reporter-output>
        </test-method> <!-- setApplicationLoginPage -->
        <test-method status="PASS" signature="beforeMethodCalled(java.lang.reflect.Method)[pri:0, instance:com.test.testcases.MamacitaCartTest@3108bc]" name="beforeMethodCalled" is-config="true" duration-ms="2" started-at="2020-01-28T19:54:45Z" finished-at="2020-01-28T19:54:45Z">
          <params>
            <param index="0">
              <value>
                <![CDATA[public void com.test.testcases.MamacitaCartTest.mamacitaAddtoCart() throws java.lang.InterruptedException]]>
              </value>
            </param>
          </params>
          <reporter-output>
          </reporter-output>
        </test-method> <!-- beforeMethodCalled -->
        <test-method status="FAIL" signature="mamacitaAddtoCart()[pri:0, instance:com.test.testcases.MamacitaCartTest@3108bc]" name="mamacitaAddtoCart" duration-ms="72237" started-at="2020-01-28T19:54:45Z" description="To check add to cart functionality for single and multiple products of Mamacita brand" finished-at="2020-01-28T19:55:57Z">
          <exception class="java.lang.AssertionError">
            <message>
              <![CDATA[Actual total product price does not match with total cart price, Actual price :: 0,0 €|| Cart price :: 0,00 € expected [0,00 €] but found [0,0 €]]]>
            </message>
            <full-stacktrace>
              <![CDATA[java.lang.AssertionError: Actual total product price does not match with total cart price, Actual price :: 0,0 €|| Cart price :: 0,00 € expected [0,00 €] but found [0,0 €]
	at org.testng.Assert.fail(Assert.java:93)
	at org.testng.Assert.failNotEquals(Assert.java:512)
	at org.testng.Assert.assertEqualsImpl(Assert.java:134)
	at org.testng.Assert.assertEquals(Assert.java:115)
	at org.testng.Assert.assertEquals(Assert.java:189)
	at com.test.testcases.MamacitaCartTest.mamacitaAddtoCart(MamacitaCartTest.java:47)
	at sun.reflect.NativeMethodAccessorImpl.invoke0(Native Method)
	at sun.reflect.NativeMethodAccessorImpl.invoke(Unknown Source)
	at sun.reflect.DelegatingMethodAccessorImpl.invoke(Unknown Source)
	at java.lang.reflect.Method.invoke(Unknown Source)
	at org.testng.internal.MethodInvocationHelper.invokeMethod(MethodInvocationHelper.java:108)
	at org.testng.internal.Invoker.invokeMethod(Invoker.java:661)
	at org.testng.internal.Invoker.invokeTestMethod(Invoker.java:869)
	at org.testng.internal.Invoker.invokeTestMethods(Invoker.java:1193)
	at org.testng.internal.TestMethodWorker.invokeTestMethods(TestMethodWorker.java:126)
	at org.testng.internal.TestMethodWorker.run(TestMethodWorker.java:109)
	at org.testng.TestRunner.privateRun(TestRunner.java:744)
	at org.testng.TestRunner.run(TestRunner.java:602)
	at org.testng.SuiteRunner.runTest(SuiteRunner.java:380)
	at org.testng.SuiteRunner.runSequentially(SuiteRunner.java:375)
	at org.testng.SuiteRunner.privateRun(SuiteRunner.java:340)
	at org.testng.SuiteRunner.run(SuiteRunner.java:289)
	at org.testng.SuiteRunnerWorker.runSuite(SuiteRunnerWorker.java:52)
	at org.testng.SuiteRunnerWorker.run(SuiteRunnerWorker.java:86)
	at org.testng.TestNG.runSuitesSequentially(TestNG.java:1301)
	at org.testng.TestNG.runSuitesLocally(TestNG.java:1226)
	at org.testng.TestNG.runSuites(TestNG.java:1144)
	at org.testng.TestNG.run(TestNG.java:1115)
	at org.testng.remote.AbstractRemoteTestNG.run(AbstractRemoteTestNG.java:115)
	at org.testng.remote.RemoteTestNG.initAndRun(RemoteTestNG.java:251)
	at org.testng.remote.RemoteTestNG.main(RemoteTestNG.java:77)
]]>
            </full-stacktrace>
          </exception> <!-- java.lang.AssertionError -->
          <reporter-output>
          </reporter-output>
        </test-method> <!-- mamacitaAddtoCart -->
        <test-method status="PASS" signature="afterMethodCalled(java.lang.reflect.Method)[pri:0, instance:com.test.testcases.MamacitaCartTest@3108bc]" name="afterMethodCalled" is-config="true" duration-ms="1" started-at="2020-01-28T19:55:57Z" finished-at="2020-01-28T19:55:57Z">
          <params>
            <param index="0">
              <value>
                <![CDATA[public void com.test.testcases.MamacitaCartTest.mamacitaAddtoCart() throws java.lang.InterruptedException]]>
              </value>
            </param>
          </params>
          <reporter-output>
          </reporter-output>
        </test-method> <!-- afterMethodCalled -->
        <test-method status="PASS" signature="tearDown()[pri:0, instance:com.test.testcases.MamacitaCartTest@3108bc]" name="tearDown" is-config="true" duration-ms="1" started-at="2020-01-28T19:55:57Z" finished-at="2020-01-28T19:55:57Z">
          <reporter-output>
          </reporter-output>
        </test-method> <!-- tearDown -->
        <test-method status="PASS" signature="suiteEndReached()[pri:0, instance:com.test.testcases.MamacitaCartTest@3108bc]" name="suiteEndReached" is-config="true" duration-ms="679" started-at="2020-01-28T19:55:57Z" finished-at="2020-01-28T19:55:58Z">
          <reporter-output>
          </reporter-output>
        </test-method> <!-- suiteEndReached -->
      </class> <!-- com.test.testcases.MamacitaCartTest -->
    </test> <!-- Default test -->
  </suite> <!-- Default suite -->
</testng-results>
